INFO  2026-02-03 18:23:03,464 serena.cli:health_check:760 - Starting health check for project: /Users/anggar/Code/song-shake
INFO  2026-02-03 18:23:03,464 serena.cli:health_check:764 - Creating SerenaAgent with disabled dashboard...
INFO  2026-02-03 18:23:03,464 serena.util.file_system:stop:367 - Loading of .gitignore files completed in 0.001 seconds
INFO  2026-02-03 18:23:03,465 serena.project:stop:367 - Gathering ignore spec for project song-shake completed in 0.001 seconds
INFO  2026-02-03 18:23:03,465 serena.agent:__init__:289 - Will record tool usage statistics with token count estimator: CHAR_COUNT.
INFO  2026-02-03 18:23:03,476 serena.agent:__init__:293 - Starting Serena server (version=0.1.4, process id=56211, parent process id=56208; language backend=LSP)
INFO  2026-02-03 18:23:03,476 serena.agent:__init__:297 - Configuration file: None
INFO  2026-02-03 18:23:03,476 serena.agent:__init__:298 - Available projects: 
INFO  2026-02-03 18:23:03,476 serena.agent:__init__:299 - Loaded tools (40): read_file, create_text_file, list_dir, find_file, replace_content, delete_lines, replace_lines, insert_at_line, search_for_pattern, restart_language_server, get_symbols_overview, find_symbol, find_referencing_symbols, replace_symbol_body, insert_after_symbol, insert_before_symbol, rename_symbol, write_memory, read_memory, list_memories, delete_memory, edit_memory, execute_shell_command, open_dashboard, activate_project, remove_project, switch_modes, get_current_config, check_onboarding_performed, onboarding, think_about_collected_information, think_about_task_adherence, think_about_whether_you_are_done, summarize_changes, prepare_for_new_conversation, initial_instructions, jet_brains_find_symbol, jet_brains_find_referencing_symbols, jet_brains_get_symbols_overview, jet_brains_type_hierarchy
INFO  2026-02-03 18:23:03,477 serena.agent:apply:142 - SerenaAgentContext[name='desktop-app'] included 1 tools: switch_modes
INFO  2026-02-03 18:23:03,478 serena.agent:__init__:325 - Number of exposed tools: 29
INFO  2026-02-03 18:23:03,487 serena.project:start:360 - Gathering ignore spec for project song-shake starting ...
INFO  2026-02-03 18:23:03,487 serena.agent:load_project_from_path_or_name:653 - Added new project song-shake for path /Users/anggar/Code/song-shake
INFO  2026-02-03 18:23:03,487 serena.util.file_system:start:360 - Loading of .gitignore files starting ...
INFO  2026-02-03 18:23:03,487 serena.agent:_activate_project:621 - Activating song-shake at /Users/anggar/Code/song-shake
INFO  2026-02-03 18:23:03,487 serena.task_executor:issue_task:192 - Scheduling Task-1:init_language_server_manager
INFO  2026-02-03 18:23:03,487 serena.agent:get_mode_names:199 - Active modes: ['editing', 'interactive']
INFO  2026-02-03 18:23:03,487 serena.util.file_system:_load_gitignore_files:152 - Processing .gitignore file: /Users/anggar/Code/song-shake/.serena/.gitignore
INFO  2026-02-03 18:23:03,488 serena.util.file_system:stop:367 - Loading of .gitignore files completed in 0.001 seconds
INFO  2026-02-03 18:23:03,488 serena.project:stop:367 - Gathering ignore spec for project song-shake completed in 0.001 seconds
INFO  2026-02-03 18:23:03,489 serena.agent:_update_active_modes_and_tools:584 - Active tools (29): activate_project, check_onboarding_performed, create_text_file, delete_memory, edit_memory, execute_shell_command, find_file, find_referencing_symbols, find_symbol, get_current_config, get_symbols_overview, initial_instructions, insert_after_symbol, insert_before_symbol, list_dir, list_memories, onboarding, prepare_for_new_conversation, read_file, read_memory, rename_symbol, replace_content, replace_symbol_body, search_for_pattern, switch_modes, think_about_collected_information, think_about_task_adherence, think_about_whether_you_are_done, write_memory
INFO  2026-02-03 18:23:03,489 serena.cli:health_check:767 - SerenaAgent created successfully
INFO  2026-02-03 18:23:03,489 serena.cli:health_check:770 - Searching for analyzable files...
INFO  2026-02-03 18:23:03,489 serena.cli:health_check:779 - Found analyzable file: README.md
INFO  2026-02-03 18:23:03,489 serena.cli:health_check:797 - Testing GetSymbolsOverviewTool on file: README.md
INFO  2026-02-03 18:23:03,489 serena.task_executor:issue_task:192 - Scheduling Task-2:<lambda>
INFO  2026-02-03 18:23:03,579 serena.task_executor:_process_task_queue:123 - Starting execution of Task-1:init_language_server_manager
INFO  2026-02-03 18:23:03,579 serena.task_executor:start:360 - Task-1:init_language_server_manager starting ...
INFO  2026-02-03 18:23:03,579 serena.agent:start:360 - Language server initialization starting ...
INFO  2026-02-03 18:23:03,579 serena.project:create_language_server_manager:414 - Creating language server manager for /Users/anggar/Code/song-shake
INFO  2026-02-03 18:23:03,579 sensai.util.logging:start:360 - Language server startup (language=markdown) starting ...
INFO  2026-02-03 18:23:03,579 serena.ls_manager:create_language_server:41 - Creating language server instance for /Users/anggar/Code/song-shake, language=markdown.
INFO  2026-02-03 18:23:03,649 solidlsp.ls:_load_raw_document_symbols_cache:2001 - Loading document symbols cache from /Users/anggar/Code/song-shake/.serena/cache/markdown/raw_document_symbols.pkl
INFO  2026-02-03 18:23:03,649 solidlsp.ls:_load_raw_document_symbols_cache:2006 - Loaded 1 entries from raw document symbols cache.
INFO  2026-02-03 18:23:03,649 solidlsp.ls:_load_document_symbols_cache:2036 - Loading document symbols cache from /Users/anggar/Code/song-shake/.serena/cache/markdown/document_symbols.pkl
INFO  2026-02-03 18:23:03,650 solidlsp.ls:_load_document_symbols_cache:2041 - Loaded 1 entries from document symbols cache.
INFO  2026-02-03 18:23:03,650 solidlsp.ls:start:2134 - Starting language server with language markdown for /Users/anggar/Code/song-shake
INFO  2026-02-03 18:23:03,650 solidlsp.language_servers.marksman:_start_server:165 - Starting marksman server process
INFO  2026-02-03 18:23:03,650 solidlsp.ls_handler:start:194 - Starting language server process via command: /Users/anggar/.serena/language_servers/static/Marksman/marksman server
INFO  2026-02-03 18:23:03,654 solidlsp.language_servers.marksman:_start_server:169 - Sending initialize request from LSP client to marksman server and awaiting response
INFO  2026-02-03 18:23:04,311 solidlsp.ls_handler:_read_ls_process_stderr:390 - [18:23:04 INF] <LSP Entry> Starting Marksman LSP server: {}

INFO  2026-02-03 18:23:04,492 solidlsp.ls_handler:_read_ls_process_stderr:390 - [18:23:04 WRN] <Folder> Workspace folder is bogus: {"root": "RootPath (AbsPath \"/Users/anggar/Code/song-shake\")"}

INFO  2026-02-03 18:23:04,555 solidlsp.language_servers.marksman:_start_server:181 - Marksman server initialization complete
INFO  2026-02-03 18:23:04,555 sensai.util.logging:stop:367 - Language server startup (language=markdown) completed in 0.975 seconds
INFO  2026-02-03 18:23:04,555 serena.agent:stop:367 - Language server initialization completed in 0.976 seconds
INFO  2026-02-03 18:23:04,555 serena.task_executor:stop:367 - Task-1:init_language_server_manager completed in 0.976 seconds
INFO  2026-02-03 18:23:04,555 serena.task_executor:_process_task_queue:123 - Starting execution of Task-2:<lambda>
INFO  2026-02-03 18:23:04,555 serena.task_executor:start:360 - Task-2:<lambda> starting ...
INFO  2026-02-03 18:23:04,559 serena.task_executor:stop:367 - Task-2:<lambda> completed in 0.003 seconds
INFO  2026-02-03 18:23:04,559 serena.cli:health_check:799 - GetSymbolsOverviewTool returned 1 symbols
INFO  2026-02-03 18:23:04,559 serena.cli:health_check:820 - No class or function found, using first available symbol
INFO  2026-02-03 18:23:04,559 serena.cli:health_check:824 - Using symbol for testing: Song Shake (kind: String)
INFO  2026-02-03 18:23:04,559 serena.cli:health_check:827 - Testing FindSymbolTool for symbol: Song Shake
INFO  2026-02-03 18:23:04,559 serena.task_executor:issue_task:192 - Scheduling Task-3:<lambda>
INFO  2026-02-03 18:23:04,662 serena.task_executor:_process_task_queue:123 - Starting execution of Task-3:<lambda>
INFO  2026-02-03 18:23:04,662 serena.task_executor:start:360 - Task-3:<lambda> starting ...
INFO  2026-02-03 18:23:04,663 serena.task_executor:stop:367 - Task-3:<lambda> completed in 0.000 seconds
INFO  2026-02-03 18:23:04,663 serena.cli:health_check:832 - FindSymbolTool found 1 matches for symbol Song Shake
INFO  2026-02-03 18:23:04,663 serena.cli:health_check:835 - Testing FindReferencingSymbolsTool for symbol: Song Shake
INFO  2026-02-03 18:23:04,663 serena.task_executor:issue_task:192 - Scheduling Task-4:<lambda>
INFO  2026-02-03 18:23:04,766 serena.task_executor:_process_task_queue:123 - Starting execution of Task-4:<lambda>
INFO  2026-02-03 18:23:04,767 serena.task_executor:start:360 - Task-4:<lambda> starting ...
INFO  2026-02-03 18:23:06,846 serena.task_executor:stop:367 - Task-4:<lambda> completed in 2.079 seconds
INFO  2026-02-03 18:23:06,846 serena.cli:health_check:839 - FindReferencingSymbolsTool found 0 references for symbol Song Shake
INFO  2026-02-03 18:23:06,846 serena.cli:health_check:845 - Testing SearchForPatternTool for pattern: Song Shake
INFO  2026-02-03 18:23:06,846 serena.task_executor:issue_task:192 - Scheduling Task-5:<lambda>
INFO  2026-02-03 18:23:06,947 serena.task_executor:_process_task_queue:123 - Starting execution of Task-5:<lambda>
INFO  2026-02-03 18:23:06,947 serena.task_executor:start:360 - Task-5:<lambda> starting ...
INFO  2026-02-03 18:23:06,948 serena.text_utils:search_files:366 - Processing 1 files.
INFO  2026-02-03 18:23:06,967 serena.text_utils:search_files:407 - Found 1 total matches across 1 files
INFO  2026-02-03 18:23:06,968 serena.task_executor:stop:367 - Task-5:<lambda> completed in 0.020 seconds
INFO  2026-02-03 18:23:06,968 serena.cli:health_check:852 - SearchForPatternTool found 1 pattern matches for Song Shake
INFO  2026-02-03 18:23:06,968 serena.cli:health_check:866 - Health check completed successfully
